This is XeTeX, Version 3.14159265-2.6-0.99996 (MiKTeX 2.9.6100 64-bit) (preloaded format=xelatex 2018.9.17)  17 SEP 2018 19:50
entering extended mode
**./01abstractCH.tex
(01abstractCH.tex
LaTeX2e <2016/03/31> patch level 3
Babel <3.9r> and hyphenation patterns for 76 language(s) loaded.

! LaTeX Error: Environment abstractCH undefined.

See the LaTeX manual or LaTeX Companion for explanation.
Type  H <return>  for immediate help.
 ...                                              
                                                  
l.1 \begin{abstractCH}
                      
Your command was ignored.
Type  I <command> <return>  to replace it with another command,
or  <return>  to continue without it.


! LaTeX Error: Missing \begin{document}.

See the LaTeX manual or LaTeX Companion for explanation.
Type  H <return>  for immediate help.
 ...                                              
                                                  
l.3 \noindent
             
You're in trouble here.  Try typing  <return>  to proceed.
If that doesn't work, type  X <return>  to quit.

Missing character: There is no è«– in font nullfont!
Missing character: There is no æ–‡ in font nullfont!
Missing character: There is no å in font nullfont!
Missing character: There is no ç¨± in font nullfont!
Missing character: There is no ï¼š in font nullfont!
Missing character: There is no æ©Ÿ in font nullfont!
Missing character: There is no æ¢° in font nullfont!
Missing character: There is no å…ƒ in font nullfont!
Missing character: There is no ä»¶ in font nullfont!
Missing character: There is no è¨­ in font nullfont!
Missing character: There is no è¨ˆ in font nullfont!
Missing character: There is no ä¹‹ in font nullfont!
Missing character: There is no é›» in font nullfont!
Missing character: There is no è…¦ in font nullfont!
Missing character: There is no è¼” in font nullfont!
Missing character: There is no åŠ© in font nullfont!
Missing character: There is no ç¨‹ in font nullfont!
Missing character: There is no å¼ in font nullfont!
Missing character: There is no ä¹‹ in font nullfont!
Missing character: There is no ç™¼ in font nullfont!
Missing character: There is no å±• in font nullfont!
Missing character: There is no é  in font nullfont!
Missing character: There is no æ•¸ in font nullfont!
Missing character: There is no ï¼š in font nullfont!
Missing character: There is no äº” in font nullfont!
Missing character: There is no å in font nullfont!
Missing character: There is no é  in font nullfont!
Missing character: There is no æ ¡ in font nullfont!
Missing character: There is no æ‰€ in font nullfont!
Missing character: There is no åˆ¥ in font nullfont!
Missing character: There is no ï¼š in font nullfont!
Missing character: There is no åœ‹ in font nullfont!
Missing character: There is no ç«‹ in font nullfont!
Missing character: There is no è‡º in font nullfont!
Missing character: There is no åŒ— in font nullfont!
Missing character: There is no ç§‘ in font nullfont!
Missing character: There is no æŠ€ in font nullfont!
Missing character: There is no å¤§ in font nullfont!
Missing character: There is no å­¸ in font nullfont!
Missing character: There is no è³‡ in font nullfont!
Missing character: There is no è¨Š in font nullfont!
Missing character: There is no å·¥ in font nullfont!
Missing character: There is no ç¨‹ in font nullfont!
Missing character: There is no ç ” in font nullfont!
Missing character: There is no ç©¶ in font nullfont!
Missing character: There is no æ‰€ in font nullfont!
Missing character: There is no ç•¢ in font nullfont!
Missing character: There is no æ¥­ in font nullfont!
Missing character: There is no æ™‚ in font nullfont!
Missing character: There is no é–“ in font nullfont!
Missing character: There is no ï¼š in font nullfont!
Missing character: There is no ä¸€ in font nullfont!
Missing character: There is no ç™¾ in font nullfont!
Missing character: There is no é›¶ in font nullfont!
Missing character: There is no ä¸ƒ in font nullfont!
Missing character: There is no å­¸ in font nullfont!
Missing character: There is no å¹´ in font nullfont!
Missing character: There is no åº¦ in font nullfont!
Missing character: There is no ç¬¬ in font nullfont!
Missing character: There is no äºŒ in font nullfont!
Missing character: There is no å­¸ in font nullfont!
Missing character: There is no æœŸ in font nullfont!
Missing character: There is no å­¸ in font nullfont!
Missing character: There is no ä½ in font nullfont!
Missing character: There is no ï¼š in font nullfont!
Missing character: There is no ç¢© in font nullfont!
Missing character: There is no å£« in font nullfont!
Missing character: There is no ç ” in font nullfont!
Missing character: There is no ç©¶ in font nullfont!
Missing character: There is no ç”Ÿ in font nullfont!
Missing character: There is no ï¼š in font nullfont!
Missing character: There is no è¬ in font nullfont!
Missing character: There is no æŸ in font nullfont!
Missing character: There is no é‹’ in font nullfont!
Missing character: There is no æŒ‡ in font nullfont!
Missing character: There is no å° in font nullfont!
Missing character: There is no æ•™ in font nullfont!
Missing character: There is no æˆ in font nullfont!
Missing character: There is no ï¼š in font nullfont!
Missing character: There is no è¬ in font nullfont!
Missing character: There is no æ± in font nullfont!
Missing character: There is no å„’ in font nullfont!
Missing character: There is no åš in font nullfont!
Missing character: There is no å£« in font nullfont!

! LaTeX Error: Missing \begin{document}.

See the LaTeX manual or LaTeX Companion for explanation.
Type  H <return>  for immediate help.
 ...                                              
                                                  
l.12 \noindent
              
You're in trouble here.  Try typing  <return>  to proceed.
If that doesn't work, type  X <return>  to quit.

Missing character: There is no é—œ in font nullfont!
Missing character: There is no éµ in font nullfont!
Missing character: There is no è© in font nullfont!
Missing character: There is no ï¼š in font nullfont!
Missing character: There is no Y in font nullfont!
Missing character: There is no O in font nullfont!
Missing character: There is no L in font nullfont!
Missing character: There is no O in font nullfont!
Missing character: There is no ã€ in font nullfont!
Missing character: There is no ç‰© in font nullfont!
Missing character: There is no ä»¶ in font nullfont!
Missing character: There is no åµ in font nullfont!
Missing character: There is no æ¸¬ in font nullfont!

! LaTeX Error: Missing \begin{document}.

See the LaTeX manual or LaTeX Companion for explanation.
Type  H <return>  for immediate help.
 ...                                              
                                                  
l.15 æ‘˜
        è¦ç‚ºè«–æ–‡æˆ–å ±å‘Šçš„ç²¾ç°¡æ¦‚è¦ï¼Œå…¶ç›®çš„æ˜¯é€éç°¡çŸ­çš„æ•...

You're in trouble here.  Try typing  <return>  to proceed.
If that doesn't work, type  X <return>  to quit.

Missing character: There is no æ‘˜ in font nullfont!
Missing character: There is no è¦ in font nullfont!
Missing character: There is no ç‚º in font nullfont!
Missing character: There is no è«– in font nullfont!
Missing character: There is no æ–‡ in font nullfont!
Missing character: There is no æˆ– in font nullfont!
Missing character: There is no å ± in font nullfont!
Missing character: There is no å‘Š in font nullfont!
Missing character: There is no çš„ in font nullfont!
Missing character: There is no ç²¾ in font nullfont!
Missing character: There is no ç°¡ in font nullfont!
Missing character: There is no æ¦‚ in font nullfont!
Missing character: There is no è¦ in font nullfont!
Missing character: There is no ï¼Œ in font nullfont!
Missing character: There is no å…¶ in font nullfont!
Missing character: There is no ç›® in font nullfont!
Missing character: There is no çš„ in font nullfont!
Missing character: There is no æ˜¯ in font nullfont!
Missing character: There is no é€ in font nullfont!
Missing character: There is no é in font nullfont!
Missing character: There is no ç°¡ in font nullfont!
Missing character: There is no çŸ­ in font nullfont!
Missing character: There is no çš„ in font nullfont!
Missing character: There is no æ•˜ in font nullfont!
Missing character: There is no è¿° in font nullfont!
Missing character: There is no ä½¿ in font nullfont!
Missing character: There is no è®€ in font nullfont!
Missing character: There is no è€… in font nullfont!
Missing character: There is no å¤§ in font nullfont!
Missing character: There is no è‡´ in font nullfont!
Missing character: There is no ç­ in font nullfont!
Missing character: There is no è§£ in font nullfont!
Missing character: There is no æ•´ in font nullfont!
Missing character: There is no ç¯‡ in font nullfont!
Missing character: There is no å ± in font nullfont!
Missing character: There is no å‘Š in font nullfont!
Missing character: There is no çš„ in font nullfont!
Missing character: There is no å…§ in font nullfont!
Missing character: There is no å®¹ in font nullfont!
Missing character: There is no ã€‚ in font nullfont!
Missing character: There is no æ‘˜ in font nullfont!
Missing character: There is no è¦ in font nullfont!
Missing character: There is no çš„ in font nullfont!
Missing character: There is no å…§ in font nullfont!
Missing character: There is no å®¹ in font nullfont!
Missing character: There is no é€š in font nullfont!
Missing character: There is no å¸¸ in font nullfont!
Missing character: There is no é ˆ in font nullfont!
Missing character: There is no åŒ… in font nullfont!
Missing character: There is no æ‹¬ in font nullfont!
Missing character: There is no å• in font nullfont!
Missing character: There is no é¡Œ in font nullfont!
Missing character: There is no çš„ in font nullfont!
Missing character: There is no æ in font nullfont!
Missing character: There is no è¿° in font nullfont!
Missing character: There is no ä»¥ in font nullfont!
Missing character: There is no åŠ in font nullfont!
Missing character: There is no æ‰€ in font nullfont!
Missing character: There is no å¾— in font nullfont!
Missing character: There is no åˆ° in font nullfont!
Missing character: There is no çš„ in font nullfont!
Missing character: There is no çµ in font nullfont!
Missing character: There is no æœ in font nullfont!
Missing character: There is no ï¼Œ in font nullfont!
Missing character: There is no ä½† in font nullfont!
Missing character: There is no ä»¥ in font nullfont!
Missing character: There is no ä¸ in font nullfont!
Missing character: There is no è¶… in font nullfont!
Missing character: There is no é in font nullfont!
Missing character: There is no 5 in font nullfont!
Missing character: There is no 0 in font nullfont!
Missing character: There is no 0 in font nullfont!
Missing character: There is no å­— in font nullfont!
Missing character: There is no æˆ– in font nullfont!
Missing character: There is no ä¸€ in font nullfont!
Missing character: There is no é  in font nullfont!
Missing character: There is no ç‚º in font nullfont!
Missing character: There is no åŸ in font nullfont!
Missing character: There is no å‰‡ in font nullfont!
Missing character: There is no ï¼Œ in font nullfont!
Missing character: There is no ä¸” in font nullfont!
Missing character: There is no ä¸ in font nullfont!
Missing character: There is no å¾— in font nullfont!
Missing character: There is no æœ‰ in font nullfont!
Missing character: There is no åƒ in font nullfont!
Missing character: There is no è€ƒ in font nullfont!
Missing character: There is no æ–‡ in font nullfont!
Missing character: There is no ç» in font nullfont!
Missing character: There is no æˆ– in font nullfont!
Missing character: There is no å¼• in font nullfont!
Missing character: There is no ç”¨ in font nullfont!
Missing character: There is no åœ– in font nullfont!
Missing character: There is no è¡¨ in font nullfont!
Missing character: There is no ç­‰ in font nullfont!
Missing character: There is no ã€‚ in font nullfont!
Missing character: There is no ä»¥ in font nullfont!
Missing character: There is no ä¸­ in font nullfont!
Missing character: There is no æ–‡ in font nullfont!
Missing character: There is no æ’° in font nullfont!
Missing character: There is no å¯« in font nullfont!
Missing character: There is no ä¹‹ in font nullfont!
Missing character: There is no è«– in font nullfont!
Missing character: There is no æ–‡ in font nullfont!
Missing character: There is no é™¤ in font nullfont!
Missing character: There is no ä¸­ in font nullfont!
Missing character: There is no æ–‡ in font nullfont!
Missing character: There is no æ‘˜ in font nullfont!
Missing character: There is no è¦ in font nullfont!
Missing character: There is no å¤– in font nullfont!
Missing character: There is no ï¼Œ in font nullfont!
Missing character: There is no å¾— in font nullfont!
Missing character: There is no æ–¼ in font nullfont!
Missing character: There is no ä¸­ in font nullfont!
Missing character: There is no æ–‡ in font nullfont!
Missing character: There is no æ‘˜ in font nullfont!
Missing character: There is no è¦ in font nullfont!
Missing character: There is no å¾Œ in font nullfont!
Missing character: There is no å¦ in font nullfont!
Missing character: There is no é™„ in font nullfont!
Missing character: There is no è‹± in font nullfont!
Missing character: There is no æ–‡ in font nullfont!
Missing character: There is no æ‘˜ in font nullfont!
Missing character: There is no è¦ in font nullfont!
Missing character: There is no ã€‚ in font nullfont!
Missing character: There is no æ¨™ in font nullfont!
Missing character: There is no é¡Œ in font nullfont!
Missing character: There is no ä½¿ in font nullfont!
Missing character: There is no ç”¨ in font nullfont!
Missing character: There is no 2 in font nullfont!
Missing character: There is no 0 in font nullfont!
Missing character: There is no p in font nullfont!
Missing character: There is no t in font nullfont!
Missing character: There is no ç²— in font nullfont!
Missing character: There is no æ¨™ in font nullfont!
Missing character: There is no æ¥· in font nullfont!
Missing character: There is no é«” in font nullfont!
Missing character: There is no ä¸¦ in font nullfont!
Missing character: There is no æ–¼ in font nullfont!
Missing character: There is no ä¸Š in font nullfont!
Missing character: There is no ã€ in font nullfont!
Missing character: There is no ä¸‹ in font nullfont!
Missing character: There is no æ–¹ in font nullfont!
Missing character: There is no å„ in font nullfont!
Missing character: There is no ç©º in font nullfont!
Missing character: There is no ä¸€ in font nullfont!
Missing character: There is no è¡Œ in font nullfont!
Missing character: There is no ( in font nullfont!
Missing character: There is no 1 in font nullfont!
Missing character: There is no . in font nullfont!
Missing character: There is no 5 in font nullfont!
Missing character: There is no å€ in font nullfont!
Missing character: There is no è¡Œ in font nullfont!
Missing character: There is no é«˜ in font nullfont!
Missing character: There is no ï¼Œ in font nullfont!
Missing character: There is no å­— in font nullfont!
Missing character: There is no å‹ in font nullfont!
Missing character: There is no 1 in font nullfont!
Missing character: There is no 2 in font nullfont!
Missing character: There is no p in font nullfont!
Missing character: There is no t in font nullfont!
Missing character: There is no ç©º in font nullfont!
Missing character: There is no è¡Œ in font nullfont!
Missing character: There is no ) in font nullfont!
Missing character: There is no å¾Œ in font nullfont!
Missing character: There is no ï¼Œ in font nullfont!
Missing character: There is no éµ in font nullfont!
Missing character: There is no å…¥ in font nullfont!
Missing character: There is no æ‘˜ in font nullfont!
Missing character: There is no è¦ in font nullfont!
Missing character: There is no å…§ in font nullfont!
Missing character: There is no å®¹ in font nullfont!
Missing character: There is no ã€‚ in font nullfont!
Missing character: There is no æ‘˜ in font nullfont!
Missing character: There is no è¦ in font nullfont!
Missing character: There is no é  in font nullfont!
Missing character: There is no é ˆ in font nullfont!
Missing character: There is no ç·¨ in font nullfont!
Missing character: There is no é  in font nullfont!
Missing character: There is no ç¢¼ in font nullfont!
Missing character: There is no ( in font nullfont!
Missing character: There is no å° in font nullfont!
Missing character: There is no å¯« in font nullfont!
Missing character: There is no ç¾… in font nullfont!
Missing character: There is no é¦¬ in font nullfont!
Missing character: There is no æ•¸ in font nullfont!
Missing character: There is no å­— in font nullfont!
Missing character: There is no è¡¨ in font nullfont!
Missing character: There is no ç¤º in font nullfont!
Missing character: There is no é  in font nullfont!
Missing character: There is no ç¢¼ in font nullfont!
Missing character: There is no ) in font nullfont!
Missing character: There is no ã€‚ in font nullfont!

Overfull \hbox (20.0pt too wide) in paragraph at lines 15--16
[] 
 []


! LaTeX Error: \begin{document} ended by \end{abstractCH}.

See the LaTeX manual or LaTeX Companion for explanation.
Type  H <return>  for immediate help.
 ...                                              
                                                  
l.17 \end{abstractCH}
                     
Your command was ignored.
Type  I <command> <return>  to replace it with another command,
or  <return>  to continue without it.

)
! Emergency stop.
<*> ./01abstractCH.tex
                      
*** (job aborted, no legal \end found)

 
Here is how much of TeX's memory you used:
 7 strings out of 428404
 97 string characters out of 3160537
 53160 words of memory out of 3000000
 3505 multiletter control sequences out of 15000+200000
 3640 words of font info for 14 fonts, out of 3000000 for 9000
 1328 hyphenation exceptions out of 8191
 6i,0n,6p,213b,29s stack positions out of 5000i,500n,10000p,200000b,50000s
No pages of output.
